<?xml version="1.0" encoding="UTF-8"?>
<testsuite name="DashboardLoginTest" tests="3" skipped="0" failures="0" errors="0" timestamp="2025-08-01T03:04:29.621Z" hostname="192.168.1.5" time="19.811">
  <properties/>
  <testcase name="loginPageLoads()" classname="DashboardLoginTest" time="7.554"/>
  <testcase name="loginWithValidCredentials()" classname="DashboardLoginTest" time="7.3"/>
  <testcase name="loginWithInvalidCredentials()" classname="DashboardLoginTest" time="4.952"/>
  <system-out><![CDATA[]]></system-out>
  <system-err><![CDATA[jul 31, 2025 9:04:34 P.M. org.openqa.selenium.devtools.CdpVersionFinder findNearestMatch
WARNING: Unable to find CDP implementation matching 138
jul 31, 2025 9:04:35 P.M. org.openqa.selenium.chromium.ChromiumDriver lambda$new$5
WARNING: Unable to find version of CDP to use for 138.0.7204.184. You may need to include a dependency on a specific version of the CDP using something similar to `org.seleniumhq.selenium:selenium-devtools-v86:4.21.0` where the version ("v86") matches the version of the chromium-based browser you're using and the version number of the artifact is the same as Selenium's.
jul 31, 2025 9:04:41 P.M. org.openqa.selenium.devtools.CdpVersionFinder findNearestMatch
WARNING: Unable to find CDP implementation matching 138
jul 31, 2025 9:04:41 P.M. org.openqa.selenium.chromium.ChromiumDriver lambda$new$5
WARNING: Unable to find version of CDP to use for 138.0.7204.184. You may need to include a dependency on a specific version of the CDP using something similar to `org.seleniumhq.selenium:selenium-devtools-v86:4.21.0` where the version ("v86") matches the version of the chromium-based browser you're using and the version number of the artifact is the same as Selenium's.
jul 31, 2025 9:04:47 P.M. org.openqa.selenium.devtools.CdpVersionFinder findNearestMatch
WARNING: Unable to find CDP implementation matching 138
jul 31, 2025 9:04:47 P.M. org.openqa.selenium.chromium.ChromiumDriver lambda$new$5
WARNING: Unable to find version of CDP to use for 138.0.7204.184. You may need to include a dependency on a specific version of the CDP using something similar to `org.seleniumhq.selenium:selenium-devtools-v86:4.21.0` where the version ("v86") matches the version of the chromium-based browser you're using and the version number of the artifact is the same as Selenium's.
]]></system-err>
</testsuite>
